{"/Users/hung-macmini/projects/數位遊戲平台/client/src/components/admin-games/constants.ts": {"path":"/Users/hung-macmini/projects/數位遊戲平台/client/src/components/admin-games/constants.ts","statementMap":{"0":{"start":{"line":3,"column":53},"end":{"line":7,"column":null}},"1":{"start":{"line":9,"column":53},"end":{"line":13,"column":null}},"2":{"start":{"line":15,"column":57},"end":{"line":19,"column":null}},"3":{"start":{"line":23,"column":2},"end":{"line":23,"column":null}}},"fnMap":{"0":{"name":"normalizeStatus","decl":{"start":{"line":22,"column":16},"end":{"line":22,"column":32}},"loc":{"start":{"line":22,"column":75},"end":{"line":24,"column":null}},"line":22}},"branchMap":{"0":{"loc":{"start":{"line":23,"column":9},"end":{"line":23,"column":null}},"type":"binary-expr","locations":[{"start":{"line":23,"column":9},"end":{"line":23,"column":19}},{"start":{"line":23,"column":19},"end":{"line":23,"column":null}}],"line":23}},"s":{"0":1,"1":1,"2":1,"3":7},"f":{"0":7},"b":{"0":[7,3]},"meta":{"lastBranch":1,"lastFunction":1,"lastStatement":4,"seen":{"s:3:53:7:Infinity":0,"s:9:53:13:Infinity":1,"s:15:57:19:Infinity":2,"f:22:16:22:32":0,"s:23:2:23:Infinity":3,"b:23:9:23:19:23:19:23:Infinity":0}}}
,"/Users/hung-macmini/projects/數位遊戲平台/client/src/lib/authUtils.ts": {"path":"/Users/hung-macmini/projects/數位遊戲平台/client/src/lib/authUtils.ts","statementMap":{"0":{"start":{"line":2,"column":2},"end":{"line":2,"column":null}}},"fnMap":{"0":{"name":"isUnauthorizedError","decl":{"start":{"line":1,"column":16},"end":{"line":1,"column":36}},"loc":{"start":{"line":1,"column":59},"end":{"line":3,"column":null}},"line":1}},"branchMap":{},"s":{"0":10},"f":{"0":10},"b":{},"meta":{"lastBranch":0,"lastFunction":1,"lastStatement":1,"seen":{"f:1:16:1:36":0,"s:2:2:2:Infinity":0}}}
,"/Users/hung-macmini/projects/數位遊戲平台/client/src/lib/utils.ts": {"path":"/Users/hung-macmini/projects/數位遊戲平台/client/src/lib/utils.ts","statementMap":{"0":{"start":{"line":5,"column":2},"end":{"line":5,"column":null}}},"fnMap":{"0":{"name":"cn","decl":{"start":{"line":4,"column":16},"end":{"line":4,"column":22}},"loc":{"start":{"line":4,"column":44},"end":{"line":6,"column":null}},"line":4}},"branchMap":{},"s":{"0":10},"f":{"0":10},"b":{},"meta":{"lastBranch":0,"lastFunction":1,"lastStatement":1,"seen":{"f:4:16:4:22":0,"s:5:2:5:Infinity":0}}}
}
